DEBG - threads = 64
DEBG - Incoming stream
TRCE - get_buf []
TRCE - read_into_buf buf[0..4096]
TRCE - get_buf [u8; 4096][0..378]
TRCE - try_parse([71, 69, 84, 32, 47, 32, 72, 84, 84, 80, 47, 49, 46, 49, 13, 10, 72, 111, 115, 116, 58, 32, 108, 111, 99, 97, 108, 104, 111, 115, 116, 58, 51, 48, 48, 48, 13, 10, 85, 115, 101, 114, 45, 65, 103, 101, 110, 116, 58, 32, 77, 111, 122, 105, 108, 108, 97, 47, 53, 46, 48, 32, 40, 87, 105, 110, 100, 111, 119, 115, 32, 78, 84, 32, 49, 48, 46, 48, 59, 32, 87, 79, 87, 54, 52, 59, 32, 114, 118, 58, 53, 49, 46, 48, 41, 32, 71, 101, 99, 107, 111, 47, 50, 48, 49, 48, 48, 49, 48, 49, 32, 70, 105, 114, 101, 102, 111, 120, 47, 53, 49, 46, 48, 13, 10, 65, 99, 99, 101, 112, 116, 58, 32, 116, 101, 120, 116, 47, 104, 116, 109, 108, 44, 97, 112, 112, 108, 105, 99, 97, 116, 105, 111, 110, 47, 120, 104, 116, 109, 108, 43, 120, 109, 108, 44, 97, 112, 112, 108, 105, 99, 97, 116, 105, 111, 110, 47, 120, 109, 108, 59, 113, 61, 48, 46, 57, 44, 42, 47, 42, 59, 113, 61, 48, 46, 56, 13, 10, 65, 99, 99, 101, 112, 116, 45, 76, 97, 110, 103, 117, 97, 103, 101, 58, 32, 101, 110, 45, 85, 83, 44, 101, 110, 59, 113, 61, 48, 46, 53, 13, 10, 65, 99, 99, 101, 112, 116, 45, 69, 110, 99, 111, 100, 105, 110, 103, 58, 32, 103, 122, 105, 112, 44, 32, 100, 101, 102, 108, 97, 116, 101, 13, 10, 67, 111, 111, 107, 105, 101, 58, 32, 105, 111, 61, 119, 51, 117, 108, 95, 113, 114, 70, 84, 55, 56, 97, 77, 67, 114, 49, 65, 65, 65, 67, 13, 10, 67, 111, 110, 110, 101, 99, 116, 105, 111, 110, 58, 32, 107, 101, 101, 112, 45, 97, 108, 105, 118, 101, 13, 10, 85, 112, 103, 114, 97, 100, 101, 45, 73, 110, 115, 101, 99, 117, 114, 101, 45, 82, 101, 113, 117, 101, 115, 116, 115, 58, 32, 49, 13, 10, 67, 97, 99, 104, 101, 45, 67, 111, 110, 116, 114, 111, 108, 58, 32, 109, 97, 120, 45, 97, 103, 101, 61, 48, 13, 10, 13, 10])
TRCE - Request.try_parse([Header; 100], [u8; 378])
TRCE - Request.try_parse Complete(378)
TRCE - raw header: "Host"=[108, 111, 99, 97, 108, 104, 111, 115, 116, 58, 51, 48, 48, 48]
TRCE - raw header: "User-Agent"=[77, 111, 122, 105, 108, 108, 97, 47, 53, 46, 48, 32, 40, 87, 105, 110, 100, 111, 119, 115, 32, 78, 84, 32, 49, 48, 46, 48, 59, 32, 87, 79, 87, 54, 52, 59, 32, 114, 118, 58, 53, 49, 46, 48, 41, 32, 71, 101, 99, 107, 111, 47, 50, 48, 49, 48, 48, 49, 48, 49, 32, 70, 105, 114, 101, 102, 111, 120, 47, 53, 49, 46, 48]
TRCE - raw header: "Accept"=[116, 101, 120, 116, 47, 104, 116, 109, 108, 44, 97, 112, 112, 108, 105, 99, 97, 116, 105, 111, 110, 47, 120, 104, 116, 109, 108, 43, 120, 109, 108, 44, 97, 112, 112, 108, 105, 99, 97, 116, 105, 111, 110, 47, 120, 109, 108, 59, 113, 61, 48, 46, 57, 44, 42, 47, 42, 59, 113, 61, 48, 46, 56]
TRCE - raw header: "Accept-Language"=[101, 110, 45, 85, 83, 44, 101, 110, 59, 113, 61, 48, 46, 53]
TRCE - raw header: "Accept-Encoding"=[103, 122, 105, 112, 44, 32, 100, 101, 102, 108, 97, 116, 101]
TRCE - raw header: "Cookie"=[105, 111, 61, 119, 51, 117, 108, 95, 113, 114, 70, 84, 55, 56, 97, 77, 67, 114, 49, 65, 65, 65, 67]
TRCE - raw header: "Connection"=[107, 101, 101, 112, 45, 97, 108, 105, 118, 101]
TRCE - raw header: "Upgrade-Insecure-Requests"=[49]
TRCE - raw header: "Cache-Control"=[109, 97, 120, 45, 97, 103, 101, 61, 48]
DEBG - Request Line: Get AbsolutePath("/") Http11
DEBG - Headers { Host: localhost:3000
, User-Agent: Mozilla/5.0 (Windows NT 10.0; WOW64; rv:51.0) Gecko/20100101 Firefox/51.0
, Accept: text/html,application/xhtml+xml,application/xml;q=0.9,*/*;q=0.8
, Accept-Language: en-US,en;q=0.5
, Accept-Encoding: gzip, deflate
, Cookie: io=w3ul_qrFT78aMCr1AAAC
, Connection: keep-alive
, Upgrade-Insecure-Requests: 1
, Cache-Control: max-age=0
, }
TRCE - should_keep_alive( Http11, Some(Connection([KeepAlive])) )
TRCE - Headers.set( "Content-Length", ContentLength(11) )
INFO - Uri: http://localhost:3000/, Method: GET, Status: 200 OK, Duration: 1.0002 ms, Time: 2017-02-22T23:22:19.581868100Z+0100
TRCE - inspect top iter: Some((0, 't'))
TRCE - inspect top iter: Some((1, 'e'))
TRCE - inspect top iter: Some((2, 'x'))
TRCE - inspect top iter: Some((3, 't'))
TRCE - inspect top iter: Some((4, '/'))
TRCE - inspect sub iter: Some((5, 'p'))
TRCE - inspect sub iter: Some((6, 'l'))
TRCE - inspect sub iter: Some((7, 'a'))
TRCE - inspect sub iter: Some((8, 'i'))
TRCE - inspect sub iter: Some((9, 'n'))
TRCE - inspect sub iter: None
TRCE - Headers.set( "Content-Type", ContentType(Mime(Text, Plain, [])) )
DEBG - writing head: Http11 Ok
TRCE - Headers.set( "Date", Date(HttpDate(Tm { tm_sec: 19, tm_min: 22, tm_hour: 22, tm_mday: 22, tm_mon: 1, tm_year: 117, tm_wday: 3, tm_yday: 52, tm_isdst: 0, tm_utcoff: 0, tm_nsec: 583368300 })) )
DEBG - headers [
Headers { Content-Length: 11
, Content-Type: text/plain
, Date: Wed, 22 Feb 2017 22:22:19 GMT
, }]
DEBG - write 11 bytes
TRCE - ending
TRCE - should_keep_alive( Http11, None )
DEBG - keep_alive = true for [::1]:61568
TRCE - get_buf []
TRCE - read_into_buf buf[0..4096]
DEBG - ioerror in keepalive loop = Error { repr: Os { code: 10060, message: "A connection attempt failed because the connected party did not properly respond after a period of time, or established connection failed because connected host has failed to respond." } }
DEBG - keep_alive loop ending for [::1]:61568
DEBG - Incoming stream
TRCE - get_buf []
TRCE - read_into_buf buf[0..4096]
TRCE - get_buf [u8; 4096][0..378]
TRCE - try_parse([71, 69, 84, 32, 47, 32, 72, 84, 84, 80, 47, 49, 46, 49, 13, 10, 72, 111, 115, 116, 58, 32, 108, 111, 99, 97, 108, 104, 111, 115, 116, 58, 51, 48, 48, 48, 13, 10, 85, 115, 101, 114, 45, 65, 103, 101, 110, 116, 58, 32, 77, 111, 122, 105, 108, 108, 97, 47, 53, 46, 48, 32, 40, 87, 105, 110, 100, 111, 119, 115, 32, 78, 84, 32, 49, 48, 46, 48, 59, 32, 87, 79, 87, 54, 52, 59, 32, 114, 118, 58, 53, 49, 46, 48, 41, 32, 71, 101, 99, 107, 111, 47, 50, 48, 49, 48, 48, 49, 48, 49, 32, 70, 105, 114, 101, 102, 111, 120, 47, 53, 49, 46, 48, 13, 10, 65, 99, 99, 101, 112, 116, 58, 32, 116, 101, 120, 116, 47, 104, 116, 109, 108, 44, 97, 112, 112, 108, 105, 99, 97, 116, 105, 111, 110, 47, 120, 104, 116, 109, 108, 43, 120, 109, 108, 44, 97, 112, 112, 108, 105, 99, 97, 116, 105, 111, 110, 47, 120, 109, 108, 59, 113, 61, 48, 46, 57, 44, 42, 47, 42, 59, 113, 61, 48, 46, 56, 13, 10, 65, 99, 99, 101, 112, 116, 45, 76, 97, 110, 103, 117, 97, 103, 101, 58, 32, 101, 110, 45, 85, 83, 44, 101, 110, 59, 113, 61, 48, 46, 53, 13, 10, 65, 99, 99, 101, 112, 116, 45, 69, 110, 99, 111, 100, 105, 110, 103, 58, 32, 103, 122, 105, 112, 44, 32, 100, 101, 102, 108, 97, 116, 101, 13, 10, 67, 111, 111, 107, 105, 101, 58, 32, 105, 111, 61, 119, 51, 117, 108, 95, 113, 114, 70, 84, 55, 56, 97, 77, 67, 114, 49, 65, 65, 65, 67, 13, 10, 67, 111, 110, 110, 101, 99, 116, 105, 111, 110, 58, 32, 107, 101, 101, 112, 45, 97, 108, 105, 118, 101, 13, 10, 85, 112, 103, 114, 97, 100, 101, 45, 73, 110, 115, 101, 99, 117, 114, 101, 45, 82, 101, 113, 117, 101, 115, 116, 115, 58, 32, 49, 13, 10, 67, 97, 99, 104, 101, 45, 67, 111, 110, 116, 114, 111, 108, 58, 32, 109, 97, 120, 45, 97, 103, 101, 61, 48, 13, 10, 13, 10])
TRCE - Request.try_parse([Header; 100], [u8; 378])
TRCE - Request.try_parse Complete(378)
TRCE - raw header: "Host"=[108, 111, 99, 97, 108, 104, 111, 115, 116, 58, 51, 48, 48, 48]
TRCE - raw header: "User-Agent"=[77, 111, 122, 105, 108, 108, 97, 47, 53, 46, 48, 32, 40, 87, 105, 110, 100, 111, 119, 115, 32, 78, 84, 32, 49, 48, 46, 48, 59, 32, 87, 79, 87, 54, 52, 59, 32, 114, 118, 58, 53, 49, 46, 48, 41, 32, 71, 101, 99, 107, 111, 47, 50, 48, 49, 48, 48, 49, 48, 49, 32, 70, 105, 114, 101, 102, 111, 120, 47, 53, 49, 46, 48]
TRCE - raw header: "Accept"=[116, 101, 120, 116, 47, 104, 116, 109, 108, 44, 97, 112, 112, 108, 105, 99, 97, 116, 105, 111, 110, 47, 120, 104, 116, 109, 108, 43, 120, 109, 108, 44, 97, 112, 112, 108, 105, 99, 97, 116, 105, 111, 110, 47, 120, 109, 108, 59, 113, 61, 48, 46, 57, 44, 42, 47, 42, 59, 113, 61, 48, 46, 56]
TRCE - raw header: "Accept-Language"=[101, 110, 45, 85, 83, 44, 101, 110, 59, 113, 61, 48, 46, 53]
TRCE - raw header: "Accept-Encoding"=[103, 122, 105, 112, 44, 32, 100, 101, 102, 108, 97, 116, 101]
TRCE - raw header: "Cookie"=[105, 111, 61, 119, 51, 117, 108, 95, 113, 114, 70, 84, 55, 56, 97, 77, 67, 114, 49, 65, 65, 65, 67]
TRCE - raw header: "Connection"=[107, 101, 101, 112, 45, 97, 108, 105, 118, 101]
TRCE - raw header: "Upgrade-Insecure-Requests"=[49]
TRCE - raw header: "Cache-Control"=[109, 97, 120, 45, 97, 103, 101, 61, 48]
DEBG - Request Line: Get AbsolutePath("/") Http11
DEBG - Headers { Host: localhost:3000
, User-Agent: Mozilla/5.0 (Windows NT 10.0; WOW64; rv:51.0) Gecko/20100101 Firefox/51.0
, Accept: text/html,application/xhtml+xml,application/xml;q=0.9,*/*;q=0.8
, Accept-Language: en-US,en;q=0.5
, Accept-Encoding: gzip, deflate
, Cookie: io=w3ul_qrFT78aMCr1AAAC
, Connection: keep-alive
, Upgrade-Insecure-Requests: 1
, Cache-Control: max-age=0
, }
TRCE - should_keep_alive( Http11, Some(Connection([KeepAlive])) )
TRCE - Headers.set( "Content-Length", ContentLength(11) )
INFO - Uri: http://localhost:3000/, Method: GET, Status: 200 OK, Duration: 0.4996 ms, Time: 2017-02-22T23:22:25.974499600Z+0100
TRCE - inspect top iter: Some((0, 't'))
TRCE - inspect top iter: Some((1, 'e'))
TRCE - inspect top iter: Some((2, 'x'))
TRCE - inspect top iter: Some((3, 't'))
TRCE - inspect top iter: Some((4, '/'))
TRCE - inspect sub iter: Some((5, 'p'))
TRCE - inspect sub iter: Some((6, 'l'))
TRCE - inspect sub iter: Some((7, 'a'))
TRCE - inspect sub iter: Some((8, 'i'))
TRCE - inspect sub iter: Some((9, 'n'))
TRCE - inspect sub iter: None
TRCE - Headers.set( "Content-Type", ContentType(Mime(Text, Plain, [])) )
DEBG - writing head: Http11 Ok
TRCE - Headers.set( "Date", Date(HttpDate(Tm { tm_sec: 25, tm_min: 22, tm_hour: 22, tm_mday: 22, tm_mon: 1, tm_year: 117, tm_wday: 3, tm_yday: 52, tm_isdst: 0, tm_utcoff: 0, tm_nsec: 974999200 })) )
DEBG - headers [
Headers { Content-Length: 11
, Content-Type: text/plain
, Date: Wed, 22 Feb 2017 22:22:25 GMT
, }]
DEBG - write 11 bytes
TRCE - ending
TRCE - should_keep_alive( Http11, None )
DEBG - keep_alive = true for [::1]:61569
TRCE - get_buf []
TRCE - read_into_buf buf[0..4096]
DEBG - ioerror in keepalive loop = Error { repr: Os { code: 10060, message: "A connection attempt failed because the connected party did not properly respond after a period of time, or established connection failed because connected host has failed to respond." } }
DEBG - keep_alive loop ending for [::1]:61569
DEBG - threads = 64
DEBG - threads = 64
DEBG - threads = 64
DEBG - threads = 64
DEBG - threads = 64
DEBG - threads = 64
DEBG - threads = 64
DEBG - threads = 64
DEBG - threads = 64
DEBG - Incoming stream
TRCE - get_buf []
TRCE - read_into_buf buf[0..4096]
TRCE - tcp closed, cancelling keep-alive loop
DEBG - keep_alive loop ending for [::1]:65187
DEBG - Incoming stream
TRCE - get_buf []
TRCE - read_into_buf buf[0..4096]
TRCE - tcp closed, cancelling keep-alive loop
DEBG - keep_alive loop ending for [::1]:65243
DEBG - Incoming stream
TRCE - get_buf []
TRCE - read_into_buf buf[0..4096]
TRCE - get_buf [u8; 4096][0..323]
TRCE - try_parse([71, 69, 84, 32, 47, 32, 72, 84, 84, 80, 47, 49, 46, 49, 13, 10, 72, 111, 115, 116, 58, 32, 108, 111, 99, 97, 108, 104, 111, 115, 116, 58, 51, 48, 48, 48, 13, 10, 85, 115, 101, 114, 45, 65, 103, 101, 110, 116, 58, 32, 77, 111, 122, 105, 108, 108, 97, 47, 53, 46, 48, 32, 40, 87, 105, 110, 100, 111, 119, 115, 32, 78, 84, 32, 49, 48, 46, 48, 59, 32, 87, 79, 87, 54, 52, 59, 32, 114, 118, 58, 53, 49, 46, 48, 41, 32, 71, 101, 99, 107, 111, 47, 50, 48, 49, 48, 48, 49, 48, 49, 32, 70, 105, 114, 101, 102, 111, 120, 47, 53, 49, 46, 48, 13, 10, 65, 99, 99, 101, 112, 116, 58, 32, 116, 101, 120, 116, 47, 104, 116, 109, 108, 44, 97, 112, 112, 108, 105, 99, 97, 116, 105, 111, 110, 47, 120, 104, 116, 109, 108, 43, 120, 109, 108, 44, 97, 112, 112, 108, 105, 99, 97, 116, 105, 111, 110, 47, 120, 109, 108, 59, 113, 61, 48, 46, 57, 44, 42, 47, 42, 59, 113, 61, 48, 46, 56, 13, 10, 65, 99, 99, 101, 112, 116, 45, 76, 97, 110, 103, 117, 97, 103, 101, 58, 32, 101, 110, 45, 85, 83, 44, 101, 110, 59, 113, 61, 48, 46, 53, 13, 10, 65, 99, 99, 101, 112, 116, 45, 69, 110, 99, 111, 100, 105, 110, 103, 58, 32, 103, 122, 105, 112, 44, 32, 100, 101, 102, 108, 97, 116, 101, 44, 32, 98, 114, 13, 10, 67, 111, 110, 110, 101, 99, 116, 105, 111, 110, 58, 32, 107, 101, 101, 112, 45, 97, 108, 105, 118, 101, 13, 10, 85, 112, 103, 114, 97, 100, 101, 45, 73, 110, 115, 101, 99, 117, 114, 101, 45, 82, 101, 113, 117, 101, 115, 116, 115, 58, 32, 49, 13, 10, 13, 10])
TRCE - Request.try_parse([Header; 100], [u8; 323])
TRCE - Request.try_parse Complete(323)
TRCE - raw header: "Host"=[108, 111, 99, 97, 108, 104, 111, 115, 116, 58, 51, 48, 48, 48]
TRCE - raw header: "User-Agent"=[77, 111, 122, 105, 108, 108, 97, 47, 53, 46, 48, 32, 40, 87, 105, 110, 100, 111, 119, 115, 32, 78, 84, 32, 49, 48, 46, 48, 59, 32, 87, 79, 87, 54, 52, 59, 32, 114, 118, 58, 53, 49, 46, 48, 41, 32, 71, 101, 99, 107, 111, 47, 50, 48, 49, 48, 48, 49, 48, 49, 32, 70, 105, 114, 101, 102, 111, 120, 47, 53, 49, 46, 48]
TRCE - raw header: "Accept"=[116, 101, 120, 116, 47, 104, 116, 109, 108, 44, 97, 112, 112, 108, 105, 99, 97, 116, 105, 111, 110, 47, 120, 104, 116, 109, 108, 43, 120, 109, 108, 44, 97, 112, 112, 108, 105, 99, 97, 116, 105, 111, 110, 47, 120, 109, 108, 59, 113, 61, 48, 46, 57, 44, 42, 47, 42, 59, 113, 61, 48, 46, 56]
TRCE - raw header: "Accept-Language"=[101, 110, 45, 85, 83, 44, 101, 110, 59, 113, 61, 48, 46, 53]
TRCE - raw header: "Accept-Encoding"=[103, 122, 105, 112, 44, 32, 100, 101, 102, 108, 97, 116, 101, 44, 32, 98, 114]
TRCE - raw header: "Connection"=[107, 101, 101, 112, 45, 97, 108, 105, 118, 101]
TRCE - raw header: "Upgrade-Insecure-Requests"=[49]
DEBG - Request Line: Get AbsolutePath("/") Http11
DEBG - Headers { Host: localhost:3000
, User-Agent: Mozilla/5.0 (Windows NT 10.0; WOW64; rv:51.0) Gecko/20100101 Firefox/51.0
, Accept: text/html,application/xhtml+xml,application/xml;q=0.9,*/*;q=0.8
, Accept-Language: en-US,en;q=0.5
, Accept-Encoding: gzip, deflate, br
, Connection: keep-alive
, Upgrade-Insecure-Requests: 1
, }
TRCE - should_keep_alive( Http11, Some(Connection([KeepAlive])) )
TRCE - Headers.set( "Content-Length", ContentLength(11) )
INFO - Uri: http://localhost:3000/, Method: GET, Status: 200 OK, Duration: 1.0011 ms, Time: 2017-02-26T23:40:54.002900400Z+0100
TRCE - inspect top iter: Some((0, 't'))
TRCE - inspect top iter: Some((1, 'e'))
TRCE - inspect top iter: Some((2, 'x'))
TRCE - inspect top iter: Some((3, 't'))
TRCE - inspect top iter: Some((4, '/'))
TRCE - inspect sub iter: Some((5, 'p'))
TRCE - inspect sub iter: Some((6, 'l'))
TRCE - inspect sub iter: Some((7, 'a'))
TRCE - inspect sub iter: Some((8, 'i'))
TRCE - inspect sub iter: Some((9, 'n'))
TRCE - inspect sub iter: None
TRCE - Headers.set( "Content-Type", ContentType(Mime(Text, Plain, [])) )
DEBG - writing head: Http11 Ok
TRCE - Headers.set( "Date", Date(HttpDate(Tm { tm_sec: 54, tm_min: 40, tm_hour: 22, tm_mday: 26, tm_mon: 1, tm_year: 117, tm_wday: 0, tm_yday: 56, tm_isdst: 0, tm_utcoff: 0, tm_nsec: 4400900 })) )
DEBG - headers [
Headers { Content-Length: 11
, Content-Type: text/plain
, Date: Sun, 26 Feb 2017 22:40:54 GMT
, }]
DEBG - write 11 bytes
TRCE - ending
TRCE - should_keep_alive( Http11, None )
DEBG - keep_alive = true for [::1]:65358
TRCE - get_buf []
TRCE - read_into_buf buf[0..4096]
TRCE - get_buf [u8; 4096][0..304]
TRCE - try_parse([71, 69, 84, 32, 47, 102, 97, 118, 105, 99, 111, 110, 46, 105, 99, 111, 32, 72, 84, 84, 80, 47, 49, 46, 49, 13, 10, 72, 111, 115, 116, 58, 32, 108, 111, 99, 97, 108, 104, 111, 115, 116, 58, 51, 48, 48, 48, 13, 10, 85, 115, 101, 114, 45, 65, 103, 101, 110, 116, 58, 32, 77, 111, 122, 105, 108, 108, 97, 47, 53, 46, 48, 32, 40, 87, 105, 110, 100, 111, 119, 115, 32, 78, 84, 32, 49, 48, 46, 48, 59, 32, 87, 79, 87, 54, 52, 59, 32, 114, 118, 58, 53, 49, 46, 48, 41, 32, 71, 101, 99, 107, 111, 47, 50, 48, 49, 48, 48, 49, 48, 49, 32, 70, 105, 114, 101, 102, 111, 120, 47, 53, 49, 46, 48, 13, 10, 65, 99, 99, 101, 112, 116, 58, 32, 116, 101, 120, 116, 47, 104, 116, 109, 108, 44, 97, 112, 112, 108, 105, 99, 97, 116, 105, 111, 110, 47, 120, 104, 116, 109, 108, 43, 120, 109, 108, 44, 97, 112, 112, 108, 105, 99, 97, 116, 105, 111, 110, 47, 120, 109, 108, 59, 113, 61, 48, 46, 57, 44, 42, 47, 42, 59, 113, 61, 48, 46, 56, 13, 10, 65, 99, 99, 101, 112, 116, 45, 76, 97, 110, 103, 117, 97, 103, 101, 58, 32, 101, 110, 45, 85, 83, 44, 101, 110, 59, 113, 61, 48, 46, 53, 13, 10, 65, 99, 99, 101, 112, 116, 45, 69, 110, 99, 111, 100, 105, 110, 103, 58, 32, 103, 122, 105, 112, 44, 32, 100, 101, 102, 108, 97, 116, 101, 44, 32, 98, 114, 13, 10, 67, 111, 110, 110, 101, 99, 116, 105, 111, 110, 58, 32, 107, 101, 101, 112, 45, 97, 108, 105, 118, 101, 13, 10, 13, 10])
TRCE - Request.try_parse([Header; 100], [u8; 304])
TRCE - Request.try_parse Complete(304)
TRCE - raw header: "Host"=[108, 111, 99, 97, 108, 104, 111, 115, 116, 58, 51, 48, 48, 48]
TRCE - raw header: "User-Agent"=[77, 111, 122, 105, 108, 108, 97, 47, 53, 46, 48, 32, 40, 87, 105, 110, 100, 111, 119, 115, 32, 78, 84, 32, 49, 48, 46, 48, 59, 32, 87, 79, 87, 54, 52, 59, 32, 114, 118, 58, 53, 49, 46, 48, 41, 32, 71, 101, 99, 107, 111, 47, 50, 48, 49, 48, 48, 49, 48, 49, 32, 70, 105, 114, 101, 102, 111, 120, 47, 53, 49, 46, 48]
TRCE - raw header: "Accept"=[116, 101, 120, 116, 47, 104, 116, 109, 108, 44, 97, 112, 112, 108, 105, 99, 97, 116, 105, 111, 110, 47, 120, 104, 116, 109, 108, 43, 120, 109, 108, 44, 97, 112, 112, 108, 105, 99, 97, 116, 105, 111, 110, 47, 120, 109, 108, 59, 113, 61, 48, 46, 57, 44, 42, 47, 42, 59, 113, 61, 48, 46, 56]
TRCE - raw header: "Accept-Language"=[101, 110, 45, 85, 83, 44, 101, 110, 59, 113, 61, 48, 46, 53]
TRCE - raw header: "Accept-Encoding"=[103, 122, 105, 112, 44, 32, 100, 101, 102, 108, 97, 116, 101, 44, 32, 98, 114]
TRCE - raw header: "Connection"=[107, 101, 101, 112, 45, 97, 108, 105, 118, 101]
DEBG - Request Line: Get AbsolutePath("/favicon.ico") Http11
DEBG - Headers { Host: localhost:3000
, User-Agent: Mozilla/5.0 (Windows NT 10.0; WOW64; rv:51.0) Gecko/20100101 Firefox/51.0
, Accept: text/html,application/xhtml+xml,application/xml;q=0.9,*/*;q=0.8
, Accept-Language: en-US,en;q=0.5
, Accept-Encoding: gzip, deflate, br
, Connection: keep-alive
, }
TRCE - should_keep_alive( Http11, Some(Connection([KeepAlive])) )
TRCE - Headers.set( "Content-Length", ContentLength(11) )
INFO - Uri: http://localhost:3000/favicon.ico, Method: GET, Status: 200 OK, Duration: 0.4999 ms, Time: 2017-02-26T23:40:54.181401000Z+0100
TRCE - inspect top iter: Some((0, 't'))
TRCE - inspect top iter: Some((1, 'e'))
TRCE - inspect top iter: Some((2, 'x'))
TRCE - inspect top iter: Some((3, 't'))
TRCE - inspect top iter: Some((4, '/'))
TRCE - inspect sub iter: Some((5, 'p'))
TRCE - inspect sub iter: Some((6, 'l'))
TRCE - inspect sub iter: Some((7, 'a'))
TRCE - inspect sub iter: Some((8, 'i'))
TRCE - inspect sub iter: Some((9, 'n'))
TRCE - inspect sub iter: None
TRCE - Headers.set( "Content-Type", ContentType(Mime(Text, Plain, [])) )
DEBG - writing head: Http11 Ok
TRCE - Headers.set( "Date", Date(HttpDate(Tm { tm_sec: 54, tm_min: 40, tm_hour: 22, tm_mday: 26, tm_mon: 1, tm_year: 117, tm_wday: 0, tm_yday: 56, tm_isdst: 0, tm_utcoff: 0, tm_nsec: 181900900 })) )
DEBG - headers [
Headers { Content-Length: 11
, Content-Type: text/plain
, Date: Sun, 26 Feb 2017 22:40:54 GMT
, }]
DEBG - write 11 bytes
TRCE - ending
TRCE - should_keep_alive( Http11, None )
DEBG - keep_alive = true for [::1]:65358
TRCE - get_buf []
TRCE - read_into_buf buf[0..4096]
TRCE - get_buf [u8; 4096][0..349]
TRCE - try_parse([71, 69, 84, 32, 47, 32, 72, 84, 84, 80, 47, 49, 46, 49, 13, 10, 72, 111, 115, 116, 58, 32, 108, 111, 99, 97, 108, 104, 111, 115, 116, 58, 51, 48, 48, 48, 13, 10, 85, 115, 101, 114, 45, 65, 103, 101, 110, 116, 58, 32, 77, 111, 122, 105, 108, 108, 97, 47, 53, 46, 48, 32, 40, 87, 105, 110, 100, 111, 119, 115, 32, 78, 84, 32, 49, 48, 46, 48, 59, 32, 87, 79, 87, 54, 52, 59, 32, 114, 118, 58, 53, 49, 46, 48, 41, 32, 71, 101, 99, 107, 111, 47, 50, 48, 49, 48, 48, 49, 48, 49, 32, 70, 105, 114, 101, 102, 111, 120, 47, 53, 49, 46, 48, 13, 10, 65, 99, 99, 101, 112, 116, 58, 32, 116, 101, 120, 116, 47, 104, 116, 109, 108, 44, 97, 112, 112, 108, 105, 99, 97, 116, 105, 111, 110, 47, 120, 104, 116, 109, 108, 43, 120, 109, 108, 44, 97, 112, 112, 108, 105, 99, 97, 116, 105, 111, 110, 47, 120, 109, 108, 59, 113, 61, 48, 46, 57, 44, 42, 47, 42, 59, 113, 61, 48, 46, 56, 13, 10, 65, 99, 99, 101, 112, 116, 45, 76, 97, 110, 103, 117, 97, 103, 101, 58, 32, 101, 110, 45, 85, 83, 44, 101, 110, 59, 113, 61, 48, 46, 53, 13, 10, 65, 99, 99, 101, 112, 116, 45, 69, 110, 99, 111, 100, 105, 110, 103, 58, 32, 103, 122, 105, 112, 44, 32, 100, 101, 102, 108, 97, 116, 101, 44, 32, 98, 114, 13, 10, 67, 111, 110, 110, 101, 99, 116, 105, 111, 110, 58, 32, 107, 101, 101, 112, 45, 97, 108, 105, 118, 101, 13, 10, 85, 112, 103, 114, 97, 100, 101, 45, 73, 110, 115, 101, 99, 117, 114, 101, 45, 82, 101, 113, 117, 101, 115, 116, 115, 58, 32, 49, 13, 10, 67, 97, 99, 104, 101, 45, 67, 111, 110, 116, 114, 111, 108, 58, 32, 109, 97, 120, 45, 97, 103, 101, 61, 48, 13, 10, 13, 10])
TRCE - Request.try_parse([Header; 100], [u8; 349])
TRCE - Request.try_parse Complete(349)
TRCE - raw header: "Host"=[108, 111, 99, 97, 108, 104, 111, 115, 116, 58, 51, 48, 48, 48]
TRCE - raw header: "User-Agent"=[77, 111, 122, 105, 108, 108, 97, 47, 53, 46, 48, 32, 40, 87, 105, 110, 100, 111, 119, 115, 32, 78, 84, 32, 49, 48, 46, 48, 59, 32, 87, 79, 87, 54, 52, 59, 32, 114, 118, 58, 53, 49, 46, 48, 41, 32, 71, 101, 99, 107, 111, 47, 50, 48, 49, 48, 48, 49, 48, 49, 32, 70, 105, 114, 101, 102, 111, 120, 47, 53, 49, 46, 48]
TRCE - raw header: "Accept"=[116, 101, 120, 116, 47, 104, 116, 109, 108, 44, 97, 112, 112, 108, 105, 99, 97, 116, 105, 111, 110, 47, 120, 104, 116, 109, 108, 43, 120, 109, 108, 44, 97, 112, 112, 108, 105, 99, 97, 116, 105, 111, 110, 47, 120, 109, 108, 59, 113, 61, 48, 46, 57, 44, 42, 47, 42, 59, 113, 61, 48, 46, 56]
TRCE - raw header: "Accept-Language"=[101, 110, 45, 85, 83, 44, 101, 110, 59, 113, 61, 48, 46, 53]
TRCE - raw header: "Accept-Encoding"=[103, 122, 105, 112, 44, 32, 100, 101, 102, 108, 97, 116, 101, 44, 32, 98, 114]
TRCE - raw header: "Connection"=[107, 101, 101, 112, 45, 97, 108, 105, 118, 101]
TRCE - raw header: "Upgrade-Insecure-Requests"=[49]
TRCE - raw header: "Cache-Control"=[109, 97, 120, 45, 97, 103, 101, 61, 48]
DEBG - Request Line: Get AbsolutePath("/") Http11
DEBG - Headers { Host: localhost:3000
, User-Agent: Mozilla/5.0 (Windows NT 10.0; WOW64; rv:51.0) Gecko/20100101 Firefox/51.0
, Accept: text/html,application/xhtml+xml,application/xml;q=0.9,*/*;q=0.8
, Accept-Language: en-US,en;q=0.5
, Accept-Encoding: gzip, deflate, br
, Connection: keep-alive
, Upgrade-Insecure-Requests: 1
, Cache-Control: max-age=0
, }
TRCE - should_keep_alive( Http11, Some(Connection([KeepAlive])) )
TRCE - Headers.set( "Content-Length", ContentLength(11) )
INFO - Uri: http://localhost:3000/, Method: GET, Status: 200 OK, Duration: 0.4996 ms, Time: 2017-02-26T23:40:58.395463600Z+0100
TRCE - inspect top iter: Some((0, 't'))
TRCE - inspect top iter: Some((1, 'e'))
TRCE - inspect top iter: Some((2, 'x'))
TRCE - inspect top iter: Some((3, 't'))
TRCE - inspect top iter: Some((4, '/'))
TRCE - inspect sub iter: Some((5, 'p'))
TRCE - inspect sub iter: Some((6, 'l'))
TRCE - inspect sub iter: Some((7, 'a'))
TRCE - inspect sub iter: Some((8, 'i'))
TRCE - inspect sub iter: Some((9, 'n'))
TRCE - inspect sub iter: None
TRCE - Headers.set( "Content-Type", ContentType(Mime(Text, Plain, [])) )
DEBG - writing head: Http11 Ok
TRCE - Headers.set( "Date", Date(HttpDate(Tm { tm_sec: 58, tm_min: 40, tm_hour: 22, tm_mday: 26, tm_mon: 1, tm_year: 117, tm_wday: 0, tm_yday: 56, tm_isdst: 0, tm_utcoff: 0, tm_nsec: 395963200 })) )
DEBG - headers [
Headers { Content-Length: 11
, Content-Type: text/plain
, Date: Sun, 26 Feb 2017 22:40:58 GMT
, }]
DEBG - write 11 bytes
TRCE - ending
TRCE - should_keep_alive( Http11, None )
DEBG - keep_alive = true for [::1]:65358
TRCE - get_buf []
TRCE - read_into_buf buf[0..4096]
TRCE - get_buf [u8; 4096][0..349]
TRCE - try_parse([71, 69, 84, 32, 47, 32, 72, 84, 84, 80, 47, 49, 46, 49, 13, 10, 72, 111, 115, 116, 58, 32, 108, 111, 99, 97, 108, 104, 111, 115, 116, 58, 51, 48, 48, 48, 13, 10, 85, 115, 101, 114, 45, 65, 103, 101, 110, 116, 58, 32, 77, 111, 122, 105, 108, 108, 97, 47, 53, 46, 48, 32, 40, 87, 105, 110, 100, 111, 119, 115, 32, 78, 84, 32, 49, 48, 46, 48, 59, 32, 87, 79, 87, 54, 52, 59, 32, 114, 118, 58, 53, 49, 46, 48, 41, 32, 71, 101, 99, 107, 111, 47, 50, 48, 49, 48, 48, 49, 48, 49, 32, 70, 105, 114, 101, 102, 111, 120, 47, 53, 49, 46, 48, 13, 10, 65, 99, 99, 101, 112, 116, 58, 32, 116, 101, 120, 116, 47, 104, 116, 109, 108, 44, 97, 112, 112, 108, 105, 99, 97, 116, 105, 111, 110, 47, 120, 104, 116, 109, 108, 43, 120, 109, 108, 44, 97, 112, 112, 108, 105, 99, 97, 116, 105, 111, 110, 47, 120, 109, 108, 59, 113, 61, 48, 46, 57, 44, 42, 47, 42, 59, 113, 61, 48, 46, 56, 13, 10, 65, 99, 99, 101, 112, 116, 45, 76, 97, 110, 103, 117, 97, 103, 101, 58, 32, 101, 110, 45, 85, 83, 44, 101, 110, 59, 113, 61, 48, 46, 53, 13, 10, 65, 99, 99, 101, 112, 116, 45, 69, 110, 99, 111, 100, 105, 110, 103, 58, 32, 103, 122, 105, 112, 44, 32, 100, 101, 102, 108, 97, 116, 101, 44, 32, 98, 114, 13, 10, 67, 111, 110, 110, 101, 99, 116, 105, 111, 110, 58, 32, 107, 101, 101, 112, 45, 97, 108, 105, 118, 101, 13, 10, 85, 112, 103, 114, 97, 100, 101, 45, 73, 110, 115, 101, 99, 117, 114, 101, 45, 82, 101, 113, 117, 101, 115, 116, 115, 58, 32, 49, 13, 10, 67, 97, 99, 104, 101, 45, 67, 111, 110, 116, 114, 111, 108, 58, 32, 109, 97, 120, 45, 97, 103, 101, 61, 48, 13, 10, 13, 10])
TRCE - Request.try_parse([Header; 100], [u8; 349])
TRCE - Request.try_parse Complete(349)
TRCE - raw header: "Host"=[108, 111, 99, 97, 108, 104, 111, 115, 116, 58, 51, 48, 48, 48]
TRCE - raw header: "User-Agent"=[77, 111, 122, 105, 108, 108, 97, 47, 53, 46, 48, 32, 40, 87, 105, 110, 100, 111, 119, 115, 32, 78, 84, 32, 49, 48, 46, 48, 59, 32, 87, 79, 87, 54, 52, 59, 32, 114, 118, 58, 53, 49, 46, 48, 41, 32, 71, 101, 99, 107, 111, 47, 50, 48, 49, 48, 48, 49, 48, 49, 32, 70, 105, 114, 101, 102, 111, 120, 47, 53, 49, 46, 48]
TRCE - raw header: "Accept"=[116, 101, 120, 116, 47, 104, 116, 109, 108, 44, 97, 112, 112, 108, 105, 99, 97, 116, 105, 111, 110, 47, 120, 104, 116, 109, 108, 43, 120, 109, 108, 44, 97, 112, 112, 108, 105, 99, 97, 116, 105, 111, 110, 47, 120, 109, 108, 59, 113, 61, 48, 46, 57, 44, 42, 47, 42, 59, 113, 61, 48, 46, 56]
TRCE - raw header: "Accept-Language"=[101, 110, 45, 85, 83, 44, 101, 110, 59, 113, 61, 48, 46, 53]
TRCE - raw header: "Accept-Encoding"=[103, 122, 105, 112, 44, 32, 100, 101, 102, 108, 97, 116, 101, 44, 32, 98, 114]
TRCE - raw header: "Connection"=[107, 101, 101, 112, 45, 97, 108, 105, 118, 101]
TRCE - raw header: "Upgrade-Insecure-Requests"=[49]
TRCE - raw header: "Cache-Control"=[109, 97, 120, 45, 97, 103, 101, 61, 48]
DEBG - Request Line: Get AbsolutePath("/") Http11
DEBG - Headers { Host: localhost:3000
, User-Agent: Mozilla/5.0 (Windows NT 10.0; WOW64; rv:51.0) Gecko/20100101 Firefox/51.0
, Accept: text/html,application/xhtml+xml,application/xml;q=0.9,*/*;q=0.8
, Accept-Language: en-US,en;q=0.5
, Accept-Encoding: gzip, deflate, br
, Connection: keep-alive
, Upgrade-Insecure-Requests: 1
, Cache-Control: max-age=0
, }
TRCE - should_keep_alive( Http11, Some(Connection([KeepAlive])) )
TRCE - Headers.set( "Content-Length", ContentLength(11) )
INFO - Uri: http://localhost:3000/, Method: GET, Status: 200 OK, Duration: 0.5017 ms, Time: 2017-02-26T23:40:59.314463100Z+0100
TRCE - inspect top iter: Some((0, 't'))
TRCE - inspect top iter: Some((1, 'e'))
TRCE - inspect top iter: Some((2, 'x'))
TRCE - inspect top iter: Some((3, 't'))
TRCE - inspect top iter: Some((4, '/'))
TRCE - inspect sub iter: Some((5, 'p'))
TRCE - inspect sub iter: Some((6, 'l'))
TRCE - inspect sub iter: Some((7, 'a'))
TRCE - inspect sub iter: Some((8, 'i'))
TRCE - inspect sub iter: Some((9, 'n'))
TRCE - inspect sub iter: None
TRCE - Headers.set( "Content-Type", ContentType(Mime(Text, Plain, [])) )
DEBG - writing head: Http11 Ok
TRCE - Headers.set( "Date", Date(HttpDate(Tm { tm_sec: 59, tm_min: 40, tm_hour: 22, tm_mday: 26, tm_mon: 1, tm_year: 117, tm_wday: 0, tm_yday: 56, tm_isdst: 0, tm_utcoff: 0, tm_nsec: 315463600 })) )
DEBG - headers [
Headers { Content-Length: 11
, Content-Type: text/plain
, Date: Sun, 26 Feb 2017 22:40:59 GMT
, }]
DEBG - write 11 bytes
TRCE - ending
TRCE - should_keep_alive( Http11, None )
DEBG - keep_alive = true for [::1]:65358
TRCE - get_buf []
TRCE - read_into_buf buf[0..4096]
